Arguments: 
  /home/furkansezal/.nvm/versions/node/v16.14.2/bin/node /home/furkansezal/.node/corepack/yarn/1.22.15/bin/yarn.js

PATH: 
  /home/furkansezal/.vscode-server/bin/e4503b30fc78200f846c62cf8091b76ff5547662/bin/remote-cli:/home/furkansezal/.nvm/versions/node/v16.14.2/bin:/usr/local/sbin:/usr/local/bin:/usr/sbin:/usr/bin:/sbin:/bin:/usr/games:/usr/local/games:/mnt/c/Program Files/Scripts/:/mnt/c/Program Files/:/mnt/c/Program Files (x86)/Common Files/Oracle/Java/javapath:/mnt/c/ProgramData/Oracle/Java/javapath:/mnt/c/Windows/system32:/mnt/c/Windows:/mnt/c/Windows/System32/Wbem:/mnt/c/Windows/System32/WindowsPowerShell/v1.0/:/mnt/c/Windows/System32/OpenSSH/:/mnt/c/Program Files (x86)/NVIDIA Corporation/PhysX/Common:/mnt/c/Program Files/Python310/Scripts:/mnt/c/Program Files (x86)/Windows Kits/10/Windows Performance Toolkit/:/mnt/c/Program Files/nodejs/:/mnt/c/Program Files/Git/cmd:/mnt/c/Users/Furkan Sezal/AppData/Local/Microsoft/WindowsApps:/mnt/c/Users/Furkan Sezal/AppData/Local/Programs/Microsoft VS Code/bin:/mnt/c/Users/Furkan Sezal/AppData/Roaming/npm:/mnt/c/users/furkan sezal/appdata/roaming/python/python310/scripts:/mnt/c/users/furkan sezal/.local/bin:/snap/bin

Yarn version: 
  1.22.15

Node version: 
  16.14.2

Platform: 
  linux x64

Trace: 
  Error: connect ECONNREFUSED 185.199.108.133:443
      at TCPConnectWrap.afterConnect [as oncomplete] (node:net:1157:16)

npm manifest: 
  {
    "name": "nft-marketplace",
    "license": "UNLICENSED",
    "scripts": {
      "codegen": "graph codegen",
      "build": "graph build",
      "deploy": "graph deploy --node https://api.studio.thegraph.com/deploy/ nft-marketplace",
      "create-local": "graph create --node http://localhost:8020/ nft-marketplace",
      "remove-local": "graph remove --node http://localhost:8020/ nft-marketplace",
      "deploy-local": "graph deploy --node http://localhost:8020/ --ipfs http://localhost:5001 nft-marketplace",
      "test": "graph test"
    },
    "dependencies": {
      "@graphprotocol/graph-cli": "0.33.0",
      "@graphprotocol/graph-ts": "0.27.0"
    },
    "devDependencies": { "matchstick-as": "0.5.0" }
  }

yarn manifest: 
  No manifest

Lockfile: 
  No lockfile
